#
# A fatal error has been detected by the Java Runtime Environment:
#
#  EXCEPTION_ACCESS_VIOLATION (0xc0000005) at pc=0x6d81a7df, pid=3156, tid=5612
#
# JRE version: 6.0_26-b03
# Java VM: Java HotSpot(TM) Client VM (20.1-b02 mixed mode, sharing windows-x86 )
# Problematic frame:
# V  [jvm.dll+0x2a7df]
#
# If you would like to submit a bug report, please visit:
#   http://java.sun.com/webapps/bugreport/crash.jsp
#

---------------  T H R E A D  ---------------

Current thread (0x04733c00):  JavaThread "Animation Thread" [_thread_in_vm, id=5612, stack(0x076f0000,0x07740000)]

siginfo: ExceptionCode=0xc0000005, reading address 0x0000000c

Registers:
EAX=0x00000000, EBX=0x00000000, ECX=0x37780088, EDX=0x381801e8
ESP=0x0773ef48, EBP=0x0773ef58, ESI=0x0773f4b8, EDI=0x04733c00
EIP=0x6d81a7df, EFLAGS=0x00010246

Top of Stack: (sp=0x0773ef48)
0x0773ef48:   0773f4b8 04733c00 ffffffff 0773002c
0x0773ef58:   0773f1dc 6d81ace0 6da11940 33b7ec80
0x0773ef68:   0773f428 085eff98 085eff98 37b26308
0x0773ef78:   00001c02 0773f4b8 04733c00 000000b7
0x0773ef88:   085eff94 00020101 00020101 00020101
0x0773ef98:   00020101 00020101 00020101 00020101
0x0773efa8:   0773efc4 6d847ce5 33c31c18 33c31c48
0x0773efb8:   33c31c18 01ac5098 012fad28 0773efd0 

Instructions: (pc=0x6d81a7df)
0x6d81a7bf:   1c 8b 0a 6a 00 89 4d 08 50 8b cb e8 e1 5f 04 00
0x6d81a7cf:   8b 4d 0c 50 8b 45 1c 50 8b 45 08 ff 50 30 8b d8
0x6d81a7df:   8b 4b 0c 8b 51 10 52 57 8d 4d 0c e8 b1 20 06 00
0x6d81a7ef:   8b 43 18 c1 e8 02 a8 01 74 63 8b 46 10 85 c0 74 


Register to memory mapping:

EAX=0x00000000 is an unknown value
EBX=0x00000000 is an unknown value
ECX=0x37780088 is an oop
{constMethod} 
 - klass: {other class}
 - method:       0x38180460 {method} '<clinit>' '()V' in 'java/lang/Object'
 - exceptions:   0x37780068
EDX=0x381801e8 is an oop
{constant pool} 
 - klass: {other class}
 - cache: 0x38180348
 -   1 :  : 'java/lang/StringBuilder' {0x381dad30}
 -   2 :  : klass_index=1 name_and_type_index=50
 -   3 :  : klass_index=18 name_and_type_index=51
 -   4 :  : klass_index=52 name_and_type_index=53
 -   5 :  : klass_index=1 name_and_type_index=54
 -   6 :  : "@" {0x387dfbd8}
 -   7 :  : klass_index=18 name_and_type_index=56
 -   8 :  : klass_index=57 name_and_type_index=58
 -   9 :  : klass_index=1 name_and_type_index=59
 -  10 :  : 'java/lang/IllegalArgumentException'
 -  11 :  : "timeout value is negative" {0x387dfbf0}
 -  12 :  : klass_index=10 name_and_type_index=62
 -  13 :  : 999999
 -  14 :  : "nanosecond timeout value out of range" {0x387dfc08}
 -  15 :  : 500000
 -  16 :  : klass_index=18 name_and_type_index=64
 -  17 :  : klass_index=18 name_and_type_index=65
 -  18 :  : 'java/lang/Object' {0x38180000}
 -  19 :  : '<init>'
 -  20 :  : '()V'
 -  21 :  : 'Code'
 -  22 :  : 'LineNumberTable'
 -  23 :  : 'registerNatives'
 -  24 :  : 'getClass'
 -  25 :  : '()Ljava/lang/Class;'
 -  26 :  : 'Signature'
 -  27 :  : '()Ljava/lang/Class<*>;'
 -  28 :  : 'hashCode'
 -  29 :  : '()I'
 -  30 :  : 'equals'
 -  31 :  : '(Ljava/lang/Object;)Z'
 -  32 :  : 'clone'
 -  33 :  : '()Ljava/lang/Object;'
 -  34 :  : 'Exceptions'
 -  35 :  : 'java/lang/CloneNotSupportedException'
 -  36 :  : 'toString'
 -  37 :  : '()Ljava/lang/String;'
 -  38 :  : 'notify'
 -  39 :  : 'notifyAll'
 -  40 :  : 'wait'
 -  41 :  : '(J)V'
 -  42 :  : 'java/lang/InterruptedException'
 -  43 :  : '(JI)V'
 -  44 :  : 'finalize'
 -  45 :  : 'java/lang/Throwable'
 -  46 :  : '<clinit>'
 -  47 :  : 'SourceFile'
 -  48 :  : 'Object.java'
 -  49 :  : 'java/lang/StringBuilder'
 -  50 :  : name_index=19 signature_index=20
 -  51 :  : name_index=24 signature_index=25
 -  52 :  : 'java/lang/Class' {0x38183d68}
 -  53 :  : name_index=71 signature_index=37
 -  54 :  : name_index=72 signature_index=73
 -  55 :  : '@'
 -  56 :  : name_index=28 signature_index=29
 -  57 :  : 'java/lang/Integer' {0x381bac40}
 -  58 :  : name_index=75 signature_index=76
 -  59 :  : name_index=36 signature_index=37
 -  60 :  : 'java/lang/IllegalArgumentException'
 -  61 :  : 'timeout value is negative'
 -  62 :  : name_index=19 signature_index=77
 -  63 :  : 'nanosecond timeout value out of range'
 -  64 :  : name_index=40 signature_index=41
 -  65 :  : name_index=23 signature_index=20
 -  66 :  : 'java/lang/Object'
 -  67 :  : 'java/lang/CloneNotSupportedException'
 -  68 :  : 'java/lang/InterruptedException'
 -  69 :  : 'java/lang/Throwable'
 -  70 :  : 'java/lang/Class'
 -  71 :  : 'getName'
 -  72 :  : 'append'
 -  73 :  : '(Ljava/lang/String;)Ljava/lang/StringBuilder;'
 -  74 :  : 'java/lang/Integer'
 -  75 :  : 'toHexString'
 -  76 :  : '(I)Ljava/lang/String;'
 -  77 :  : '(Ljava/lang/String;)V'

ESP=0x0773ef48 is pointing into the stack for thread: 0x04733c00
EBP=0x0773ef58 is pointing into the stack for thread: 0x04733c00
ESI=0x0773f4b8 is pointing into the stack for thread: 0x04733c00
EDI=0x04733c00 is a thread


Stack: [0x076f0000,0x07740000],  sp=0x0773ef48,  free space=315k
Native frames: (J=compiled Java code, j=interpreted, Vv=VM code, C=native code)
V  [jvm.dll+0x2a7df]
V  [jvm.dll+0x2ace0]
V  [jvm.dll+0x2cf2e]
V  [jvm.dll+0x2d87a]
V  [jvm.dll+0x2d9bc]
V  [jvm.dll+0x77152]
V  [jvm.dll+0x7bf28]
V  [jvm.dll+0x7ed67]
V  [jvm.dll+0x7f126]
V  [jvm.dll+0x4878a]
j  circularShell.CircularShellScene$BrowserButton$1.processGestureEvent(Lorg/mt4j/input/inputProcessors/MTGestureEvent;)Z+10
j  org.mt4j.input.GestureEventSupport.fire([Lorg/mt4j/input/inputProcessors/IGestureEventListener;Lorg/mt4j/input/inputProcessors/MTGestureEvent;)V+25
j  org.mt4j.input.GestureEventSupport.fireGestureEvt(Lorg/mt4j/input/inputProcessors/MTGestureEvent;)V+74
j  org.mt4j.components.MTComponent.processGestureEvent(Lorg/mt4j/input/inputProcessors/MTGestureEvent;)Z+5
j  org.mt4j.input.inputProcessors.componentProcessors.AbstractComponentProcessor.fireGestureEvent(Lorg/mt4j/input/inputProcessors/MTGestureEvent;)V+172
j  org.mt4j.input.inputProcessors.componentProcessors.tapProcessor.TapProcessor.endGesture(Lorg/mt4j/input/inputData/InputCursor;Lorg/mt4j/components/interfaces/IMTComponent3D;)V+219
j  org.mt4j.input.inputProcessors.componentProcessors.tapProcessor.TapProcessor.cursorEnded(Lorg/mt4j/input/inputData/InputCursor;Lorg/mt4j/input/inputData/MTFingerInputEvt;)V+148
j  org.mt4j.input.inputProcessors.componentProcessors.AbstractCursorProcessor.processInputEvtImpl(Lorg/mt4j/input/inputData/MTInputEvent;)V+61
j  org.mt4j.input.inputProcessors.componentProcessors.AbstractComponentProcessor.processInputEvent(Lorg/mt4j/input/inputData/MTInputEvent;)Z+16
j  org.mt4j.input.ComponentInputProcessorSupport.processInputEvent(Lorg/mt4j/input/inputData/MTInputEvent;)Z+99
j  org.mt4j.components.MTComponent.fireInputEvent(Lorg/mt4j/input/inputData/MTInputEvent;)Z+29
j  org.mt4j.components.MTComponent.processInputEvent(Lorg/mt4j/input/inputData/MTInputEvent;)Z+28
j  org.mt4j.components.MTCanvas.processInputEvent(Lorg/mt4j/input/inputData/MTInputEvent;)Z+23
j  org.mt4j.input.inputProcessors.globalProcessors.AbstractGlobalInputProcessor.fireInputEvent(Lorg/mt4j/input/inputData/MTInputEvent;)V+25
j  org.mt4j.input.inputProcessors.globalProcessors.InputRetargeter.processInputEvtImpl(Lorg/mt4j/input/inputData/MTInputEvent;)V+161
j  org.mt4j.input.inputProcessors.globalProcessors.AbstractGlobalInputProcessor.processInputEvent(Lorg/mt4j/input/inputData/MTInputEvent;)Z+2
j  org.mt4j.input.inputSources.AbstractInputSource.fireInputEvent(Lorg/mt4j/input/inputData/MTInputEvent;)V+23
j  org.mt4j.input.inputSources.AbstractInputSource.flushEvents()V+91
j  org.mt4j.input.inputSources.AbstractInputSource.pre()V+1
j  sun.reflect.GeneratedMethodAccessor3.invoke(Ljava/lang/Object;[Ljava/lang/Object;)Ljava/lang/Object;+36
j  sun.reflect.DelegatingMethodAccessorImpl.invoke(Ljava/lang/Object;[Ljava/lang/Object;)Ljava/lang/Object;+6
j  java.lang.reflect.Method.invoke(Ljava/lang/Object;[Ljava/lang/Object;)Ljava/lang/Object;+161
j  processing.core.PApplet$RegisteredMethods.handle([Ljava/lang/Object;)V+23
j  processing.core.PApplet$RegisteredMethods.handle()V+5
j  processing.core.PApplet.handleDraw()V+125
j  processing.core.PApplet.run()V+51
j  java.lang.Thread.run()V+11
v  ~StubRoutines::call_stub
V  [jvm.dll+0xfae4b]
V  [jvm.dll+0x18c531]
V  [jvm.dll+0xfaff1]
V  [jvm.dll+0xfb04b]
V  [jvm.dll+0xb56b9]
V  [jvm.dll+0x1190d4]
V  [jvm.dll+0x1411ac]
C  [msvcr71.dll+0x9565]  endthreadex+0xa0
C  [kernel32.dll+0x4ed6c]  BaseThreadInitThunk+0x12
C  [ntdll.dll+0x6377b]  RtlInitializeExceptionChain+0xef
C  [ntdll.dll+0x6374e]  RtlInitializeExceptionChain+0xc2

Java frames: (J=compiled Java code, j=interpreted, Vv=VM code)
j  circularShell.CircularShellScene$BrowserButton$1.processGestureEvent(Lorg/mt4j/input/inputProcessors/MTGestureEvent;)Z+10
j  org.mt4j.input.GestureEventSupport.fire([Lorg/mt4j/input/inputProcessors/IGestureEventListener;Lorg/mt4j/input/inputProcessors/MTGestureEvent;)V+25
j  org.mt4j.input.GestureEventSupport.fireGestureEvt(Lorg/mt4j/input/inputProcessors/MTGestureEvent;)V+74
j  org.mt4j.components.MTComponent.processGestureEvent(Lorg/mt4j/input/inputProcessors/MTGestureEvent;)Z+5
j  org.mt4j.input.inputProcessors.componentProcessors.AbstractComponentProcessor.fireGestureEvent(Lorg/mt4j/input/inputProcessors/MTGestureEvent;)V+172
j  org.mt4j.input.inputProcessors.componentProcessors.tapProcessor.TapProcessor.endGesture(Lorg/mt4j/input/inputData/InputCursor;Lorg/mt4j/components/interfaces/IMTComponent3D;)V+219
j  org.mt4j.input.inputProcessors.componentProcessors.tapProcessor.TapProcessor.cursorEnded(Lorg/mt4j/input/inputData/InputCursor;Lorg/mt4j/input/inputData/MTFingerInputEvt;)V+148
j  org.mt4j.input.inputProcessors.componentProcessors.AbstractCursorProcessor.processInputEvtImpl(Lorg/mt4j/input/inputData/MTInputEvent;)V+61
j  org.mt4j.input.inputProcessors.componentProcessors.AbstractComponentProcessor.processInputEvent(Lorg/mt4j/input/inputData/MTInputEvent;)Z+16
j  org.mt4j.input.ComponentInputProcessorSupport.processInputEvent(Lorg/mt4j/input/inputData/MTInputEvent;)Z+99
j  org.mt4j.components.MTComponent.fireInputEvent(Lorg/mt4j/input/inputData/MTInputEvent;)Z+29
j  org.mt4j.components.MTComponent.processInputEvent(Lorg/mt4j/input/inputData/MTInputEvent;)Z+28
j  org.mt4j.components.MTCanvas.processInputEvent(Lorg/mt4j/input/inputData/MTInputEvent;)Z+23
j  org.mt4j.input.inputProcessors.globalProcessors.AbstractGlobalInputProcessor.fireInputEvent(Lorg/mt4j/input/inputData/MTInputEvent;)V+25
j  org.mt4j.input.inputProcessors.globalProcessors.InputRetargeter.processInputEvtImpl(Lorg/mt4j/input/inputData/MTInputEvent;)V+161
j  org.mt4j.input.inputProcessors.globalProcessors.AbstractGlobalInputProcessor.processInputEvent(Lorg/mt4j/input/inputData/MTInputEvent;)Z+2
j  org.mt4j.input.inputSources.AbstractInputSource.fireInputEvent(Lorg/mt4j/input/inputData/MTInputEvent;)V+23
j  org.mt4j.input.inputSources.AbstractInputSource.flushEvents()V+91
j  org.mt4j.input.inputSources.AbstractInputSource.pre()V+1
j  sun.reflect.GeneratedMethodAccessor3.invoke(Ljava/lang/Object;[Ljava/lang/Object;)Ljava/lang/Object;+36
j  sun.reflect.DelegatingMethodAccessorImpl.invoke(Ljava/lang/Object;[Ljava/lang/Object;)Ljava/lang/Object;+6
j  java.lang.reflect.Method.invoke(Ljava/lang/Object;[Ljava/lang/Object;)Ljava/lang/Object;+161
j  processing.core.PApplet$RegisteredMethods.handle([Ljava/lang/Object;)V+23
j  processing.core.PApplet$RegisteredMethods.handle()V+5
j  processing.core.PApplet.handleDraw()V+125
j  processing.core.PApplet.run()V+51
j  java.lang.Thread.run()V+11
v  ~StubRoutines::call_stub

---------------  P R O C E S S  ---------------

Java Threads: ( => current thread )
  0x0882c000 JavaThread "Thread-3" [_thread_in_native, id=5332, stack(0x08460000,0x084b0000)]
  0x012fcc00 JavaThread "DestroyJavaVM" [_thread_blocked, id=2176, stack(0x00160000,0x001b0000)]
  0x04752c00 JavaThread "D3D Screen Updater" daemon [_thread_blocked, id=3204, stack(0x07740000,0x07790000)]
=>0x04733c00 JavaThread "Animation Thread" [_thread_in_vm, id=5612, stack(0x076f0000,0x07740000)]
  0x046e0c00 JavaThread "Image Fetcher 0" daemon [_thread_blocked, id=5828, stack(0x076a0000,0x076f0000)]
  0x046e0400 JavaThread "AWT-EventQueue-0" [_thread_blocked, id=3752, stack(0x07240000,0x07290000)]
  0x03fbf000 JavaThread "AWT-Windows" daemon [_thread_in_native, id=2960, stack(0x043c0000,0x04410000)]
  0x03fbe800 JavaThread "AWT-Shutdown" [_thread_blocked, id=2952, stack(0x04370000,0x043c0000)]
  0x01ba1000 JavaThread "Java2D Disposer" daemon [_thread_blocked, id=4224, stack(0x04170000,0x041c0000)]
  0x01b36000 JavaThread "Low Memory Detector" daemon [_thread_blocked, id=4768, stack(0x03df0000,0x03e40000)]
  0x01b30c00 JavaThread "C1 CompilerThread0" daemon [_thread_blocked, id=2372, stack(0x03da0000,0x03df0000)]
  0x01b2fc00 JavaThread "Attach Listener" daemon [_thread_blocked, id=760, stack(0x03d50000,0x03da0000)]
  0x01b2ec00 JavaThread "Signal Dispatcher" daemon [_thread_blocked, id=5392, stack(0x03d00000,0x03d50000)]
  0x01b20800 JavaThread "Finalizer" daemon [_thread_blocked, id=3796, stack(0x03cb0000,0x03d00000)]
  0x01b1f400 JavaThread "Reference Handler" daemon [_thread_blocked, id=4308, stack(0x03c60000,0x03cb0000)]

Other Threads:
  0x01ae3000 VMThread [stack: 0x03c10000,0x03c60000] [id=2964]
  0x01b49400 WatcherThread [stack: 0x03e40000,0x03e90000] [id=304]

VM state:not at safepoint (normal execution)

VM Mutex/Monitor currently owned by a thread: None

Heap
 def new generation   total 16896K, used 6354K [0x23780000, 0x249d0000, 0x28cd0000)
  eden space 15040K,  37% used [0x23780000, 0x23d0a580, 0x24630000)
  from space 1856K,  36% used [0x24630000, 0x246da2f8, 0x24800000)
  to   space 1856K,   0% used [0x24800000, 0x24800000, 0x249d0000)
 tenured generation   total 37452K, used 34757K [0x28cd0000, 0x2b163000, 0x33780000)
   the space 37452K,  92% used [0x28cd0000, 0x2aec14d0, 0x2aec1600, 0x2b163000)
 compacting perm gen  total 12288K, used 4807K [0x33780000, 0x34380000, 0x37780000)
   the space 12288K,  39% used [0x33780000, 0x33c31c48, 0x33c31e00, 0x34380000)
    ro space 10240K,  51% used [0x37780000, 0x37cadff8, 0x37cae000, 0x38180000)
    rw space 12288K,  55% used [0x38180000, 0x3881c208, 0x3881c400, 0x38d80000)

Code Cache  [0x01bb0000, 0x01ce8000, 0x03bb0000)
 total_blobs=821 nmethods=445 adapters=312 free_code_cache=32287552 largest_free_block=192

Dynamic libraries:
0x00400000 - 0x00424000 	C:\Program Files\Java\jre6\bin\javaw.exe
0x76ee0000 - 0x7701c000 	C:\Windows\SYSTEM32\ntdll.dll
0x76c80000 - 0x76d54000 	C:\Windows\system32\kernel32.dll
0x750f0000 - 0x7513a000 	C:\Windows\system32\KERNELBASE.dll
0x76ac0000 - 0x76b60000 	C:\Windows\system32\ADVAPI32.dll
0x763a0000 - 0x7644c000 	C:\Windows\system32\msvcrt.dll
0x77080000 - 0x77099000 	C:\Windows\SYSTEM32\sechost.dll
0x76e30000 - 0x76ed1000 	C:\Windows\system32\RPCRT4.dll
0x769f0000 - 0x76ab9000 	C:\Windows\system32\USER32.dll
0x76150000 - 0x7619e000 	C:\Windows\system32\GDI32.dll
0x770a0000 - 0x770aa000 	C:\Windows\system32\LPK.dll
0x76760000 - 0x767fd000 	C:\Windows\system32\USP10.dll
0x760e0000 - 0x760ff000 	C:\Windows\system32\IMM32.DLL
0x76d60000 - 0x76e2c000 	C:\Windows\system32\MSCTF.dll
0x7c340000 - 0x7c396000 	C:\Program Files\Java\jre6\bin\msvcr71.dll
0x6d7f0000 - 0x6da9f000 	C:\Program Files\Java\jre6\bin\client\jvm.dll
0x73140000 - 0x73172000 	C:\Windows\system32\WINMM.dll
0x74fa0000 - 0x74fec000 	C:\Windows\system32\apphelp.dll
0x6d7a0000 - 0x6d7ac000 	C:\Program Files\Java\jre6\bin\verify.dll
0x6d320000 - 0x6d33f000 	C:\Program Files\Java\jre6\bin\java.dll
0x77060000 - 0x77065000 	C:\Windows\system32\PSAPI.DLL
0x6d7e0000 - 0x6d7ef000 	C:\Program Files\Java\jre6\bin\zip.dll
0x6d000000 - 0x6d14b000 	C:\Program Files\Java\jre6\bin\awt.dll
0x6ffe0000 - 0x70031000 	C:\Windows\system32\WINSPOOL.DRV
0x76890000 - 0x769ec000 	C:\Windows\system32\ole32.dll
0x73e50000 - 0x73fee000 	C:\Windows\WinSxS\x86_microsoft.windows.common-controls_6595b64144ccf1df_6.0.7601.17514_none_41e6975e2bd6f2b2\COMCTL32.dll
0x770b0000 - 0x77107000 	C:\Windows\system32\SHLWAPI.dll
0x70040000 - 0x700c4000 	C:\Windows\WinSxS\x86_microsoft.windows.common-controls_6595b64144ccf1df_5.82.7601.17514_none_ec83dffa859149af\comctl32.dll
0x73970000 - 0x73983000 	C:\Windows\system32\DWMAPI.DLL
0x73c70000 - 0x73cb0000 	C:\Windows\system32\uxtheme.dll
0x74ff0000 - 0x74ffc000 	C:\Windows\system32\CRYPTBASE.dll
0x6d230000 - 0x6d27f000 	C:\Program Files\Java\jre6\bin\fontmanager.dll
0x6e900000 - 0x6eac3000 	C:\Windows\system32\d3d9.dll
0x74440000 - 0x74449000 	C:\Windows\system32\VERSION.dll
0x6e8f0000 - 0x6e8f6000 	C:\Windows\system32\d3d8thk.dll
0x6c3e0000 - 0x6c4a4000 	C:\Windows\system32\aticfx32.dll
0x669d0000 - 0x669db000 	C:\Windows\system32\atiu9pag.dll
0x65950000 - 0x65efe000 	C:\Windows\system32\atiumdag.dll
0x665c0000 - 0x669cc000 	C:\Windows\system32\atiumdva.dll
0x10000000 - 0x1004d000 	C:\Users\MaXoU\workspace\MT4j\jogl.dll
0x63030000 - 0x630f8000 	C:\Windows\system32\OPENGL32.dll
0x6c8f0000 - 0x6c912000 	C:\Windows\system32\GLU32.dll
0x66ae0000 - 0x66bc7000 	C:\Windows\system32\DDRAW.dll
0x6ac90000 - 0x6ac96000 	C:\Windows\system32\DCIMAN32.dll
0x76200000 - 0x7639d000 	C:\Windows\system32\SETUPAPI.dll
0x75140000 - 0x75167000 	C:\Windows\system32\CFGMGR32.dll
0x76800000 - 0x7688f000 	C:\Windows\system32\OLEAUT32.dll
0x75170000 - 0x75182000 	C:\Windows\system32\DEVOBJ.dll
0x6d350000 - 0x6d356000 	C:\Program Files\Java\jre6\bin\jawt.dll
0x04930000 - 0x04935000 	C:\Users\MaXoU\workspace\MT4j\jogl_awt.dll
0x76450000 - 0x764d3000 	C:\Windows\system32\CLBCatQ.DLL
0x6dab0000 - 0x6dab7000 	C:\Windows\system32\atiglpxx.dll
0x69030000 - 0x6a2e6000 	C:\Windows\system32\atioglxx.dll
0x727c0000 - 0x72820000 	C:\Windows\system32\atiadlxx.dll
0x75490000 - 0x760da000 	C:\Windows\system32\SHELL32.dll
0x74690000 - 0x746a7000 	C:\Windows\system32\USERENV.dll
0x75070000 - 0x7507b000 	C:\Windows\system32\profapi.dll
0x74430000 - 0x7443d000 	C:\Windows\system32\WTSAPI32.dll
0x752b0000 - 0x752dd000 	C:\Windows\system32\WINTRUST.dll
0x75190000 - 0x752ad000 	C:\Windows\system32\CRYPT32.dll
0x750e0000 - 0x750ec000 	C:\Windows\system32\MSASN1.dll
0x04a90000 - 0x04a9b000 	C:\Windows\system32\atigktxx.dll
0x6ca30000 - 0x6ca4a000 	C:\Users\MaXoU\workspace\MT4j\Win7Touch.dll
0x6d600000 - 0x6d613000 	C:\Program Files\Java\jre6\bin\net.dll
0x764e0000 - 0x76515000 	C:\Windows\system32\WS2_32.dll
0x77070000 - 0x77076000 	C:\Windows\system32\NSI.dll
0x74ae0000 - 0x74b1c000 	C:\Windows\system32\mswsock.dll
0x74ad0000 - 0x74ad6000 	C:\Windows\System32\wship6.dll
0x745c0000 - 0x745c5000 	C:\Windows\System32\wshtcpip.dll
0x6d440000 - 0x6d465000 	C:\Program Files\Java\jre6\bin\jpeg.dll
0x6d620000 - 0x6d629000 	C:\Program Files\Java\jre6\bin\nio.dll

VM Arguments:
jvm_args: -Djava.library.path=C:\Users\MaXoU\workspace\MT4j;C:\Users\MaXoU\workspace\MT4j;C:\Users\MaXoU\workspace\MT4j;C:\Users\MaXoU\workspace\mt4j-desktop -Dfile.encoding=Cp1252 
java_command: circularShell.StartCircularShell
Launcher Type: SUN_STANDARD

Environment Variables:
PATH=C:/Program Files/Java/jre7/bin/client;C:/Program Files/Java/jre7/bin;C:/Program Files/Java/jre7/lib/i386;C:\Program Files\AMD APP\bin\x86;C:\Program Files\Common Files\Microsoft Shared\Windows Live;C:\Windows\system32;C:\Windows;C:\Windows\System32\Wbem;C:\Windows\System32\WindowsPowerShell\v1.0\;C:\Program Files\Windows Live\Shared;C:\Program Files\ATI Technologies\ATI.ACE\Core-Static;C:\Program Files\MATLAB\R2011a\runtime\win32;C:\Program Files\MATLAB\R2011a\bin;C:\Program Files\eclipse;
USERNAME=MaXoU
OS=Windows_NT
PROCESSOR_IDENTIFIER=x86 Family 20 Model 1 Stepping 0, AuthenticAMD



---------------  S Y S T E M  ---------------

OS: Windows 7 Build 7601 Service Pack 1

CPU:total 2 (2 cores per cpu, 1 threads per core) family 20 model 1 stepping 0, cmov, cx8, fxsr, mmx, sse, sse2, sse3, ssse3, popcnt, mmxext, lzcnt, sse4a

Memory: 4k page, physical 2729884k(997896k free), swap 5458012k(3212832k free)

vm_info: Java HotSpot(TM) Client VM (20.1-b02) for windows-x86 JRE (1.6.0_26-b03), built on May  4 2011 00:50:59 by "java_re" with MS VC++ 7.1 (VS2003)

time: Sat Feb 11 15:04:43 2012
elapsed time: 7 seconds

